<?xml version="1.0" encoding="utf-8"?><testsuites name="pytest tests"><testsuite name="pytest" errors="0" failures="0" skipped="0" tests="17" time="3.736" timestamp="2026-05-20T10:00:06.673175+00:00" hostname="agent-env-01a2a637-ada1-4f77-a81e-151bde871f66"><testcase classname="backend.tests.test_birthday_feature.TestBirthdaySettings" name="test_get_settings_any_user" time="0.664" /><testcase classname="backend.tests.test_birthday_feature.TestBirthdaySettings" name="test_put_settings_admin_ok" time="0.105" /><testcase classname="backend.tests.test_birthday_feature.TestBirthdaySettings" name="test_put_settings_hr_ok" time="0.453" /><testcase classname="backend.tests.test_birthday_feature.TestBirthdaysTodayUpcoming" name="test_today_returns_leadership" time="0.120" /><testcase classname="backend.tests.test_birthday_feature.TestBirthdaysTodayUpcoming" name="test_upcoming_includes_hr" time="0.108" /><testcase classname="backend.tests.test_birthday_feature.TestBirthdaysTodayUpcoming" name="test_endpoints_require_auth" time="0.124" /><testcase classname="backend.tests.test_birthday_feature.TestBirthdayWish" name="test_post_self_wish_rejected" time="0.429" /><testcase classname="backend.tests.test_birthday_feature.TestBirthdayWish" name="test_post_wish_non_birthday_person_rejected" time="0.104" /><testcase classname="backend.tests.test_birthday_feature.TestBirthdayWish" name="test_post_wish_ok_then_duplicate_rejected" time="0.234" /><testcase classname="backend.tests.test_birthday_feature.TestBirthdayWish" name="test_get_wishes_includes_admin_wish" time="0.125" /><testcase classname="backend.tests.test_birthday_feature.TestUserDOBUpdate" name="test_invalid_date_format_rejected" time="0.113" /><testcase classname="backend.tests.test_birthday_feature.TestUserDOBUpdate" name="test_invalid_month_rejected" time="0.109" /><testcase classname="backend.tests.test_birthday_feature.TestUserDOBUpdate" name="test_update_dob_and_persists" time="0.338" /><testcase classname="backend.tests.test_birthday_feature.TestUserDOBUpdate" name="test_unknown_user_returns_404" time="0.104" /><testcase classname="backend.tests.test_birthday_feature.TestNotifications" name="test_notifications_for_admin_includes_birthday" time="0.103" /><testcase classname="backend.tests.test_birthday_feature.TestNotifications" name="test_notifications_self_for_leadership" time="0.104" /><testcase classname="backend.tests.test_birthday_feature.TestNotifications" name="test_dismiss_persists" time="0.345" /></testsuite></testsuites>