<?xml version="1.0" encoding="utf-8"?><testsuites name="pytest tests"><testsuite name="pytest" errors="0" failures="0" skipped="0" tests="14" time="3.082" timestamp="2026-03-18T06:43:53.797618+00:00" hostname="agent-env-586268a8-60e9-4bfe-90af-f43f5f1198cf"><testcase classname="backend.tests.test_process_flow_signup.TestHealthCheck" name="test_health_endpoint" time="0.222" /><testcase classname="backend.tests.test_process_flow_signup.TestSignupRestriction" name="test_register_with_non_ethara_email_rejected" time="0.137" /><testcase classname="backend.tests.test_process_flow_signup.TestSignupRestriction" name="test_register_with_yahoo_email_rejected" time="0.100" /><testcase classname="backend.tests.test_process_flow_signup.TestSignupRestriction" name="test_register_with_company_email_rejected" time="0.112" /><testcase classname="backend.tests.test_process_flow_signup.TestSignupRestriction" name="test_register_with_ethara_email_accepted" time="0.407" /><testcase classname="backend.tests.test_process_flow_signup.TestSignupRestriction" name="test_login_with_ethara_email" time="0.327" /><testcase classname="backend.tests.test_process_flow_signup.TestPDFDocumentProxy" name="test_pdf_endpoint_without_token_returns_401" time="0.099" /><testcase classname="backend.tests.test_process_flow_signup.TestPDFDocumentProxy" name="test_pdf_endpoint_with_invalid_token_returns_401" time="0.101" /><testcase classname="backend.tests.test_process_flow_signup.TestPDFDocumentProxy" name="test_pdf_endpoint_with_valid_token_returns_200" time="0.557" /><testcase classname="backend.tests.test_process_flow_signup.TestPDFDocumentProxy" name="test_pdf_endpoint_nonexistent_doc_returns_404" time="0.119" /><testcase classname="backend.tests.test_process_flow_signup.TestPDFDocumentProxy" name="test_pdf_headers_prevent_caching" time="0.178" /><testcase classname="backend.tests.test_process_flow_signup.TestPDFDocumentProxy" name="test_pdf_has_content_disposition_header" time="0.182" /><testcase classname="backend.tests.test_process_flow_signup.TestExistingAuthEndpoints" name="test_login_with_invalid_credentials" time="0.331" /><testcase classname="backend.tests.test_process_flow_signup.TestExistingAuthEndpoints" name="test_login_with_nonexistent_user" time="0.099" /></testsuite></testsuites>