<?xml version="1.0" encoding="utf-8"?><testsuites name="pytest tests"><testsuite name="pytest" errors="0" failures="0" skipped="0" tests="6" time="2.756" timestamp="2026-03-23T08:21:41.311789+00:00" hostname="agent-env-586268a8-60e9-4bfe-90af-f43f5f1198cf"><testcase classname="backend.tests.test_mandatory_dob_finance_removal.TestLoginDOBField" name="test_login_user_with_dob_returns_dob_field" time="0.390" /><testcase classname="backend.tests.test_mandatory_dob_finance_removal.TestLoginDOBField" name="test_login_user_without_dob_returns_null_dob" time="0.328" /><testcase classname="backend.tests.test_mandatory_dob_finance_removal.TestFinanceCategoryRemoval" name="test_categories_endpoint_does_not_include_finance" time="0.481" /><testcase classname="backend.tests.test_mandatory_dob_finance_removal.TestCodeOfConductReportingRemoval" name="test_code_of_conduct_does_not_contain_reporting_section" time="0.435" /><testcase classname="backend.tests.test_mandatory_dob_finance_removal.TestProfileEndpointDOB" name="test_profile_update_dob_works" time="0.547" /><testcase classname="backend.tests.test_mandatory_dob_finance_removal.TestMeEndpointDOB" name="test_me_endpoint_includes_dob_for_user_with_dob" time="0.424" /></testsuite></testsuites>