<?xml version="1.0" encoding="utf-8"?><testsuites name="pytest tests"><testsuite name="pytest" errors="0" failures="0" skipped="0" tests="23" time="10.900" timestamp="2026-04-07T09:27:08.843057+00:00" hostname="agent-env-aea50258-7ae4-4129-a056-1d41a70b5b54"><testcase classname="backend.tests.test_analytics.TestAnalyticsAPIs" name="test_overview_returns_200" time="0.488" /><testcase classname="backend.tests.test_analytics.TestAnalyticsAPIs" name="test_overview_structure" time="0.432" /><testcase classname="backend.tests.test_analytics.TestAnalyticsAPIs" name="test_overview_values_are_integers" time="0.412" /><testcase classname="backend.tests.test_analytics.TestAnalyticsAPIs" name="test_page_views_returns_200" time="0.428" /><testcase classname="backend.tests.test_analytics.TestAnalyticsAPIs" name="test_page_views_structure" time="0.435" /><testcase classname="backend.tests.test_analytics.TestAnalyticsAPIs" name="test_user_activity_returns_200" time="0.414" /><testcase classname="backend.tests.test_analytics.TestAnalyticsAPIs" name="test_user_activity_structure" time="0.413" /><testcase classname="backend.tests.test_analytics.TestAnalyticsAPIs" name="test_hourly_returns_200" time="0.424" /><testcase classname="backend.tests.test_analytics.TestAnalyticsAPIs" name="test_hourly_has_24_hours" time="0.431" /><testcase classname="backend.tests.test_analytics.TestAnalyticsAPIs" name="test_hourly_structure" time="0.434" /><testcase classname="backend.tests.test_analytics.TestAnalyticsAPIs" name="test_search_queries_returns_200" time="0.420" /><testcase classname="backend.tests.test_analytics.TestAnalyticsAPIs" name="test_search_queries_structure" time="0.438" /><testcase classname="backend.tests.test_analytics.TestAnalyticsAPIs" name="test_chat_usage_returns_200" time="0.423" /><testcase classname="backend.tests.test_analytics.TestAnalyticsAPIs" name="test_chat_usage_structure" time="0.416" /><testcase classname="backend.tests.test_analytics.TestAnalyticsAPIs" name="test_recent_returns_200" time="0.430" /><testcase classname="backend.tests.test_analytics.TestAnalyticsAPIs" name="test_recent_structure" time="0.446" /><testcase classname="backend.tests.test_analytics.TestAnalyticsAPIs" name="test_recent_event_types" time="0.436" /><testcase classname="backend.tests.test_analytics.TestAnalyticsAPIs" name="test_overview_requires_auth" time="0.440" /><testcase classname="backend.tests.test_analytics.TestAnalyticsAPIs" name="test_page_views_requires_auth" time="0.444" /><testcase classname="backend.tests.test_analytics.TestAnalyticsAPIs" name="test_user_activity_requires_auth" time="0.420" /><testcase classname="backend.tests.test_analytics.TestActivityTracking" name="test_login_logs_activity" time="0.861" /><testcase classname="backend.tests.test_analytics.TestActivityTracking" name="test_page_view_logs_activity" time="0.619" /><testcase classname="backend.tests.test_analytics.TestActivityTracking" name="test_search_logs_activity" time="0.670" /></testsuite></testsuites>