<?xml version="1.0" encoding="utf-8"?><testsuites name="pytest tests"><testsuite name="pytest" errors="0" failures="0" skipped="0" tests="18" time="2.804" timestamp="2026-03-19T10:27:04.461691+00:00" hostname="agent-env-586268a8-60e9-4bfe-90af-f43f5f1198cf"><testcase classname="backend.tests.test_search.TestSearchWiki" name="test_search_core_returns_wiki_result" time="0.649" /><testcase classname="backend.tests.test_search.TestSearchWiki" name="test_search_wiki_result_has_snippet" time="0.144" /><testcase classname="backend.tests.test_search.TestSearchDocuments" name="test_search_rubric_returns_documents" time="0.114" /><testcase classname="backend.tests.test_search.TestSearchDocuments" name="test_search_prompting_returns_psychology_doc" time="0.145" /><testcase classname="backend.tests.test_search.TestSearchDocuments" name="test_search_process_returns_document" time="0.104" /><testcase classname="backend.tests.test_search.TestSearchHolidays" name="test_search_diwali_returns_holiday" time="0.104" /><testcase classname="backend.tests.test_search.TestSearchHolidays" name="test_search_republic_returns_holiday" time="0.107" /><testcase classname="backend.tests.test_search.TestSearchHolidays" name="test_search_christmas_returns_holiday" time="0.109" /><testcase classname="backend.tests.test_search.TestSearchGrievances" name="test_search_grievance_only_returns_user_own" time="0.104" /><testcase classname="backend.tests.test_search.TestSearchValidation" name="test_search_too_short_returns_empty" time="0.107" /><testcase classname="backend.tests.test_search.TestSearchValidation" name="test_search_empty_returns_empty" time="0.102" /><testcase classname="backend.tests.test_search.TestSearchValidation" name="test_search_whitespace_returns_empty" time="0.151" /><testcase classname="backend.tests.test_search.TestSearchValidation" name="test_search_max_results_capped_at_20" time="0.109" /><testcase classname="backend.tests.test_search.TestSearchValidation" name="test_search_requires_auth" time="0.095" /><testcase classname="backend.tests.test_search.TestSearchResultStructure" name="test_result_has_required_fields" time="0.133" /><testcase classname="backend.tests.test_search.TestSearchResultStructure" name="test_mixed_results_for_broad_search" time="0.108" /><testcase classname="backend.tests.test_search.TestSearchCaseInsensitive" name="test_uppercase_search_works" time="0.108" /><testcase classname="backend.tests.test_search.TestSearchCaseInsensitive" name="test_mixed_case_search_works" time="0.112" /></testsuite></testsuites>