<?xml version="1.0" encoding="utf-8"?><testsuites name="pytest tests"><testsuite name="pytest" errors="0" failures="0" skipped="0" tests="18" time="2.769" timestamp="2026-03-23T08:12:53.651966+00:00" hostname="agent-env-586268a8-60e9-4bfe-90af-f43f5f1198cf"><testcase classname="backend.tests.test_forgot_password_profile.TestForgotPassword" name="test_forgot_password_correct_email_dob" time="0.272" /><testcase classname="backend.tests.test_forgot_password_profile.TestForgotPassword" name="test_forgot_password_wrong_dob" time="0.046" /><testcase classname="backend.tests.test_forgot_password_profile.TestForgotPassword" name="test_forgot_password_no_dob_set" time="0.059" /><testcase classname="backend.tests.test_forgot_password_profile.TestForgotPassword" name="test_forgot_password_nonexistent_email" time="0.045" /><testcase classname="backend.tests.test_forgot_password_profile.TestResetPassword" name="test_reset_password_success" time="0.846" /><testcase classname="backend.tests.test_forgot_password_profile.TestResetPassword" name="test_reset_password_short_password" time="0.048" /><testcase classname="backend.tests.test_forgot_password_profile.TestResetPassword" name="test_reset_password_wrong_dob" time="0.045" /><testcase classname="backend.tests.test_forgot_password_profile.TestProfileUpdate" name="test_update_profile_dob" time="0.320" /><testcase classname="backend.tests.test_forgot_password_profile.TestProfileUpdate" name="test_update_profile_company_doj" time="0.045" /><testcase classname="backend.tests.test_forgot_password_profile.TestProfileUpdate" name="test_update_profile_company_id" time="0.046" /><testcase classname="backend.tests.test_forgot_password_profile.TestProfileUpdate" name="test_update_profile_multiple_fields" time="0.046" /><testcase classname="backend.tests.test_forgot_password_profile.TestProfileUpdate" name="test_update_profile_no_fields" time="0.046" /><testcase classname="backend.tests.test_forgot_password_profile.TestProfileUpdate" name="test_update_profile_unauthorized" time="0.042" /><testcase classname="backend.tests.test_forgot_password_profile.TestProfilePicture" name="test_upload_profile_picture" time="0.105" /><testcase classname="backend.tests.test_forgot_password_profile.TestProfilePicture" name="test_upload_invalid_file_type" time="0.101" /><testcase classname="backend.tests.test_forgot_password_profile.TestProfilePicture" name="test_upload_picture_unauthorized" time="0.097" /><testcase classname="backend.tests.test_forgot_password_profile.TestGetProfilePicture" name="test_get_profile_picture" time="0.267" /><testcase classname="backend.tests.test_forgot_password_profile.TestGetProfilePicture" name="test_get_nonexistent_picture" time="0.104" /></testsuite></testsuites>