<?xml version="1.0" encoding="utf-8"?><testsuites name="pytest tests"><testsuite name="pytest" errors="0" failures="0" skipped="0" tests="18" time="5.508" timestamp="2026-03-17T10:01:13.673239+00:00" hostname="agent-env-873c3523-f722-42c8-a037-d538112ad1cc"><testcase classname="backend.tests.test_bookmarks_notes.TestBookmarkEndpoints" name="test_create_bookmark" time="0.710" /><testcase classname="backend.tests.test_bookmarks_notes.TestBookmarkEndpoints" name="test_get_bookmark_for_page" time="0.123" /><testcase classname="backend.tests.test_bookmarks_notes.TestBookmarkEndpoints" name="test_update_bookmark_scroll_position" time="0.216" /><testcase classname="backend.tests.test_bookmarks_notes.TestBookmarkEndpoints" name="test_get_all_bookmarks" time="0.111" /><testcase classname="backend.tests.test_bookmarks_notes.TestBookmarkEndpoints" name="test_delete_bookmark" time="0.408" /><testcase classname="backend.tests.test_bookmarks_notes.TestBookmarkEndpoints" name="test_delete_nonexistent_bookmark" time="0.186" /><testcase classname="backend.tests.test_bookmarks_notes.TestNotesEndpoints" name="test_create_note" time="0.461" /><testcase classname="backend.tests.test_bookmarks_notes.TestNotesEndpoints" name="test_get_notes_for_page" time="0.117" /><testcase classname="backend.tests.test_bookmarks_notes.TestNotesEndpoints" name="test_get_all_notes" time="0.113" /><testcase classname="backend.tests.test_bookmarks_notes.TestNotesEndpoints" name="test_update_note" time="0.322" /><testcase classname="backend.tests.test_bookmarks_notes.TestNotesEndpoints" name="test_delete_note" time="0.259" /><testcase classname="backend.tests.test_bookmarks_notes.TestNotesEndpoints" name="test_delete_nonexistent_note" time="0.099" /><testcase classname="backend.tests.test_bookmarks_notes.TestNotesEndpoints" name="test_update_nonexistent_note" time="0.104" /><testcase classname="backend.tests.test_bookmarks_notes.TestNotesExport" name="test_export_notes_with_content" time="0.675" /><testcase classname="backend.tests.test_bookmarks_notes.TestNotesExport" name="test_export_notes_nonexistent_page" time="0.108" /><testcase classname="backend.tests.test_bookmarks_notes.TestNotesPersistence" name="test_notes_persist_across_requests" time="0.632" /><testcase classname="backend.tests.test_bookmarks_notes.TestCleanup" name="test_cleanup_test_notes" time="0.628" /><testcase classname="backend.tests.test_bookmarks_notes.TestCleanup" name="test_cleanup_test_bookmarks" time="0.107" /></testsuite></testsuites>