<?xml version="1.0" encoding="utf-8"?><testsuites name="pytest tests"><testsuite name="pytest" errors="0" failures="0" skipped="0" tests="21" time="9.161" timestamp="2026-04-07T10:59:37.317006+00:00" hostname="agent-env-01a2a637-ada1-4f77-a81e-151bde871f66"><testcase classname="tests.test_iteration_11.TestAuthentication" name="test_admin_login" time="0.449" /><testcase classname="tests.test_iteration_11.TestAuthentication" name="test_hr_login" time="0.340" /><testcase classname="tests.test_iteration_11.TestAnalyticsDashboardAdmin" name="test_analytics_overview" time="0.438" /><testcase classname="tests.test_iteration_11.TestAnalyticsDashboardAdmin" name="test_analytics_page_views" time="0.434" /><testcase classname="tests.test_iteration_11.TestAnalyticsDashboardAdmin" name="test_analytics_user_activity" time="0.484" /><testcase classname="tests.test_iteration_11.TestAnalyticsDashboardAdmin" name="test_analytics_hourly" time="0.497" /><testcase classname="tests.test_iteration_11.TestAnalyticsDashboardAdmin" name="test_analytics_search_queries" time="0.421" /><testcase classname="tests.test_iteration_11.TestAnalyticsDashboardAdmin" name="test_analytics_chat_usage" time="0.424" /><testcase classname="tests.test_iteration_11.TestAnalyticsDashboardAdmin" name="test_analytics_recent" time="0.440" /><testcase classname="tests.test_iteration_11.TestAnalyticsNonAdminAccess" name="test_hr_cannot_access_overview" time="0.436" /><testcase classname="tests.test_iteration_11.TestAnalyticsNonAdminAccess" name="test_hr_cannot_access_page_views" time="0.432" /><testcase classname="tests.test_iteration_11.TestAnalyticsNonAdminAccess" name="test_hr_cannot_access_user_activity" time="0.449" /><testcase classname="tests.test_iteration_11.TestAnalyticsNonAdminAccess" name="test_hr_cannot_access_hourly" time="0.433" /><testcase classname="tests.test_iteration_11.TestAnalyticsNonAdminAccess" name="test_hr_cannot_access_recent" time="0.433" /><testcase classname="tests.test_iteration_11.TestAgenticRLDocument" name="test_agentic_rl_document_endpoint" time="0.427" /><testcase classname="tests.test_iteration_11.TestAgenticRLDocument" name="test_agentic_rl_searchable" time="0.465" /><testcase classname="tests.test_iteration_11.TestAgenticRLDocument" name="test_agentic_rl_search_route" time="0.467" /><testcase classname="tests.test_iteration_11.TestMongoDBLimits" name="test_wiki_pages_endpoint" time="0.584" /><testcase classname="tests.test_iteration_11.TestMongoDBLimits" name="test_search_endpoint_returns_limited" time="0.419" /><testcase classname="tests.test_iteration_11.TestDashboardEndpoints" name="test_dashboard_categories" time="0.444" /><testcase classname="tests.test_iteration_11.TestDashboardEndpoints" name="test_health_endpoint" time="0.116" /></testsuite></testsuites>