<?xml version="1.0" encoding="utf-8"?><testsuites name="pytest tests"><testsuite name="pytest" errors="0" failures="0" skipped="0" tests="17" time="4.894" timestamp="2026-03-17T10:19:52.289069+00:00" hostname="agent-env-873c3523-f722-42c8-a037-d538112ad1cc"><testcase classname="backend.tests.test_grievances_categories.TestWikiCategories" name="test_categories_endpoint_returns_200" time="0.619" /><testcase classname="backend.tests.test_grievances_categories.TestWikiCategories" name="test_strategy_leadership_category_removed" time="0.110" /><testcase classname="backend.tests.test_grievances_categories.TestWikiCategories" name="test_knowledge_systems_category_removed" time="0.105" /><testcase classname="backend.tests.test_grievances_categories.TestWikiCategories" name="test_training_learning_category_exists" time="0.104" /><testcase classname="backend.tests.test_grievances_categories.TestWikiCategories" name="test_training_learning_subcategories" time="0.106" /><testcase classname="backend.tests.test_grievances_categories.TestGrievanceCategories" name="test_get_grievance_categories" time="0.443" /><testcase classname="backend.tests.test_grievances_categories.TestGrievanceSubmission" name="test_submit_grievance_with_name" time="0.591" /><testcase classname="backend.tests.test_grievances_categories.TestGrievanceSubmission" name="test_submit_grievance_anonymous" time="0.160" /><testcase classname="backend.tests.test_grievances_categories.TestGrievanceSubmission" name="test_submit_grievance_invalid_category" time="0.100" /><testcase classname="backend.tests.test_grievances_categories.TestMyGrievances" name="test_get_my_grievances" time="0.432" /><testcase classname="backend.tests.test_grievances_categories.TestGrievanceAccessControl" name="test_viewer_cannot_access_all_grievances" time="0.519" /><testcase classname="backend.tests.test_grievances_categories.TestGrievanceAccessControl" name="test_viewer_cannot_update_grievance" time="0.110" /><testcase classname="backend.tests.test_grievances_categories.TestGrievanceAccessControl" name="test_viewer_cannot_delete_grievance" time="0.102" /><testcase classname="backend.tests.test_grievances_categories.TestWikiEditPermissions" name="test_viewer_cannot_create_wiki_page" time="0.536" /><testcase classname="backend.tests.test_grievances_categories.TestWikiEditPermissions" name="test_viewer_cannot_update_wiki_page" time="0.115" /><testcase classname="backend.tests.test_grievances_categories.TestWikiEditPermissions" name="test_viewer_cannot_delete_wiki_page" time="0.095" /><testcase classname="backend.tests.test_grievances_categories.TestCleanup" name="test_cleanup_test_grievances" time="0.535" /></testsuite></testsuites>